<?xml version="1.0" encoding="UTF-8"?>
<!-- Generated by org.testng.reporters.JUnitReportReporter -->
<testsuite hostname="SGZ-IN01064" failures="0" tests="2" name="com.actitime.tests.ValidLoginLogoutTest" time="47.610" errors="0" timestamp="2020-05-24T23:10:17 IST" skipped="0">
  <testcase classname="com.actitime.tests.ValidLoginLogoutTest" name="testValidLoginLogout" time="19.131"/>
  <system-out>
Title is matching: actiTIME - Login valid username: admin valid password: manager Click on Login button Title is matching: actiTIME - Enter Time-Track  </system-out>
  <testcase classname="com.actitime.tests.ValidLoginLogoutTest" name="testValidLoginLogout" time="28.479"/>
  <system-out>
Title is matching: actiTIME - Login valid username: admin valid password: manager Click on Login button Title is matching: actiTIME - Enter Time-Track  </system-out>
</testsuite> <!-- com.actitime.tests.ValidLoginLogoutTest -->
